C:\Users\SALAUDEEN MUBARAK\cloned\Lattice\backend\app\models.py:91: SAWarning: This declarative base already contains a class with the same class name and module name as app.models.Document, and will be replaced in the string-lookup table.
  class Document(Base):
Traceback (most recent call last):
  File "<frozen runpy>", line 198, in _run_module_as_main
  File "<frozen runpy>", line 88, in _run_code
  File "C:\Users\SALAUDEEN MUBARAK\AppData\Local\Python\pythoncore-3.14-64\Lib\site-packages\uvicorn\__main__.py", line 4, in <module>
    uvicorn.main()
    ~~~~~~~~~~~~^^
  File "C:\Users\SALAUDEEN MUBARAK\AppData\Local\Python\pythoncore-3.14-64\Lib\site-packages\click\core.py", line 1485, in __call__
    return self.main(*args, **kwargs)
           ~~~~~~~~~^^^^^^^^^^^^^^^^^
  File "C:\Users\SALAUDEEN MUBARAK\AppData\Local\Python\pythoncore-3.14-64\Lib\site-packages\click\core.py", line 1406, in main
    rv = self.invoke(ctx)
  File "C:\Users\SALAUDEEN MUBARAK\AppData\Local\Python\pythoncore-3.14-64\Lib\site-packages\click\core.py", line 1269, in invoke
    return ctx.invoke(self.callback, **ctx.params)
           ~~~~~~~~~~^^^^^^^^^^^^^^^^^^^^^^^^^^^^^
  File "C:\Users\SALAUDEEN MUBARAK\AppData\Local\Python\pythoncore-3.14-64\Lib\site-packages\click\core.py", line 824, in invoke
    return callback(*args, **kwargs)
  File "C:\Users\SALAUDEEN MUBARAK\AppData\Local\Python\pythoncore-3.14-64\Lib\site-packages\uvicorn\main.py", line 424, in main
    run(
    ~~~^
        app,
        ^^^^
    ...<46 lines>...
        h11_max_incomplete_event_size=h11_max_incomplete_event_size,
        ^^^^^^^^^^^^^^^^^^^^^^^^^^^^^^^^^^^^^^^^^^^^^^^^^^^^^^^^^^^^
    )
    ^
  File "C:\Users\SALAUDEEN MUBARAK\AppData\Local\Python\pythoncore-3.14-64\Lib\site-packages\uvicorn\main.py", line 594, in run
    server.run()
    ~~~~~~~~~~^^
  File "C:\Users\SALAUDEEN MUBARAK\AppData\Local\Python\pythoncore-3.14-64\Lib\site-packages\uvicorn\server.py", line 67, in run
    return asyncio_run(self.serve(sockets=sockets), loop_factory=self.config.get_loop_factory())
  File "C:\Users\SALAUDEEN MUBARAK\AppData\Local\Python\pythoncore-3.14-64\Lib\asyncio\runners.py", line 204, in run
    return runner.run(main)
           ~~~~~~~~~~^^^^^^
  File "C:\Users\SALAUDEEN MUBARAK\AppData\Local\Python\pythoncore-3.14-64\Lib\asyncio\runners.py", line 127, in run
    return self._loop.run_until_complete(task)
           ~~~~~~~~~~~~~~~~~~~~~~~~~~~~~^^^^^^
  File "C:\Users\SALAUDEEN MUBARAK\AppData\Local\Python\pythoncore-3.14-64\Lib\asyncio\base_events.py", line 719, in run_until_complete
    return future.result()
           ~~~~~~~~~~~~~^^
  File "C:\Users\SALAUDEEN MUBARAK\AppData\Local\Python\pythoncore-3.14-64\Lib\site-packages\uvicorn\server.py", line 71, in serve
    await self._serve(sockets)
  File "C:\Users\SALAUDEEN MUBARAK\AppData\Local\Python\pythoncore-3.14-64\Lib\site-packages\uvicorn\server.py", line 78, in _serve
    config.load()
    ~~~~~~~~~~~^^
  File "C:\Users\SALAUDEEN MUBARAK\AppData\Local\Python\pythoncore-3.14-64\Lib\site-packages\uvicorn\config.py", line 439, in load
    self.loaded_app = import_from_string(self.app)
                      ~~~~~~~~~~~~~~~~~~^^^^^^^^^^
  File "C:\Users\SALAUDEEN MUBARAK\AppData\Local\Python\pythoncore-3.14-64\Lib\site-packages\uvicorn\importer.py", line 19, in import_from_string
    module = importlib.import_module(module_str)
  File "C:\Users\SALAUDEEN MUBARAK\AppData\Local\Python\pythoncore-3.14-64\Lib\importlib\__init__.py", line 88, in import_module
    return _bootstrap._gcd_import(name[level:], package, level)
           ~~~~~~~~~~~~~~~~~~~~~~^^^^^^^^^^^^^^^^^^^^^^^^^^^^^^
  File "<frozen importlib._bootstrap>", line 1398, in _gcd_import
  File "<frozen importlib._bootstrap>", line 1371, in _find_and_load
  File "<frozen importlib._bootstrap>", line 1342, in _find_and_load_unlocked
  File "<frozen importlib._bootstrap>", line 938, in _load_unlocked
  File "<frozen importlib._bootstrap_external>", line 759, in exec_module
  File "<frozen importlib._bootstrap>", line 491, in _call_with_frames_removed
  File "C:\Users\SALAUDEEN MUBARAK\cloned\Lattice\backend\app\main.py", line 6, in <module>
    from .api.v1 import documents, sessions
  File "C:\Users\SALAUDEEN MUBARAK\cloned\Lattice\backend\app\api\v1\documents.py", line 10, in <module>
    from ... import models, schemas
  File "C:\Users\SALAUDEEN MUBARAK\cloned\Lattice\backend\app\models.py", line 91, in <module>
    class Document(Base):
    ...<11 lines>...
        jobs = relationship("Job", back_populates="document", cascade="all, delete-orphan")
  File "C:\Users\SALAUDEEN MUBARAK\AppData\Local\Python\pythoncore-3.14-64\Lib\site-packages\sqlalchemy\orm\decl_api.py", line 199, in __init__
    _as_declarative(reg, cls, dict_)
    ~~~~~~~~~~~~~~~^^^^^^^^^^^^^^^^^
  File "C:\Users\SALAUDEEN MUBARAK\AppData\Local\Python\pythoncore-3.14-64\Lib\site-packages\sqlalchemy\orm\decl_base.py", line 245, in _as_declarative
    return _MapperConfig.setup_mapping(registry, cls, dict_, None, {})
           ~~~~~~~~~~~~~~~~~~~~~~~~~~~^^^^^^^^^^^^^^^^^^^^^^^^^^^^^^^^
  File "C:\Users\SALAUDEEN MUBARAK\AppData\Local\Python\pythoncore-3.14-64\Lib\site-packages\sqlalchemy\orm\decl_base.py", line 326, in setup_mapping
    return _ClassScanMapperConfig(
        registry, cls_, dict_, table, mapper_kw
    )
  File "C:\Users\SALAUDEEN MUBARAK\AppData\Local\Python\pythoncore-3.14-64\Lib\site-packages\sqlalchemy\orm\decl_base.py", line 577, in __init__
    self._setup_table(table)
    ~~~~~~~~~~~~~~~~~^^^^^^^
  File "C:\Users\SALAUDEEN MUBARAK\AppData\Local\Python\pythoncore-3.14-64\Lib\site-packages\sqlalchemy\orm\decl_base.py", line 1762, in _setup_table
    table_cls(
    ~~~~~~~~~^
        tablename,
        ^^^^^^^^^^
    ...<3 lines>...
        **table_kw,
        ^^^^^^^^^^^
    ),
    ^
  File "<string>", line 2, in __new__
  File "C:\Users\SALAUDEEN MUBARAK\AppData\Local\Python\pythoncore-3.14-64\Lib\site-packages\sqlalchemy\util\deprecations.py", line 281, in warned
    return fn(*args, **kwargs)  # type: ignore[no-any-return]
  File "C:\Users\SALAUDEEN MUBARAK\AppData\Local\Python\pythoncore-3.14-64\Lib\site-packages\sqlalchemy\sql\schema.py", line 429, in __new__
    return cls._new(*args, **kw)
           ~~~~~~~~^^^^^^^^^^^^^
  File "C:\Users\SALAUDEEN MUBARAK\AppData\Local\Python\pythoncore-3.14-64\Lib\site-packages\sqlalchemy\sql\schema.py", line 461, in _new
    raise exc.InvalidRequestError(
    ...<5 lines>...
    )
sqlalchemy.exc.InvalidRequestError: Table 'documents' is already defined for this MetaData instance.  Specify 'extend_existing=True' to redefine options and columns on an existing Table object.
